INFO [2021-02-11 15:23:53] [[1]]
INFO [2021-02-11 15:23:53] x <- list(api.all.gene, meg.all.gene, hal.all.gene)
INFO [2021-02-11 15:23:53] 
INFO [2021-02-11 15:23:53] $category.names
INFO [2021-02-11 15:23:53] c("Apidae", "Megachilidae", "Halictidae")
INFO [2021-02-11 15:23:53] 
INFO [2021-02-11 15:23:53] $filename
INFO [2021-02-11 15:23:53] [1] "Plots/all_by_family_Venn.png"
INFO [2021-02-11 15:23:53] 
INFO [2021-02-11 15:23:53] $output
INFO [2021-02-11 15:23:53] T
INFO [2021-02-11 15:23:53] 
INFO [2021-02-11 15:23:53] $cat.pos
INFO [2021-02-11 15:23:53] c(-27, 27, 135)
INFO [2021-02-11 15:23:53] 
INFO [2021-02-11 15:23:53] $imagetype
INFO [2021-02-11 15:23:53] [1] "png"
INFO [2021-02-11 15:23:53] 
INFO [2021-02-11 15:23:53] $lwd
INFO [2021-02-11 15:23:53] [1] 2
INFO [2021-02-11 15:23:53] 
INFO [2021-02-11 15:23:53] $lty
INFO [2021-02-11 15:23:53] [1] "blank"
INFO [2021-02-11 15:23:53] 
INFO [2021-02-11 15:23:53] $fill
INFO [2021-02-11 15:23:53] scheme
INFO [2021-02-11 15:23:53] 
INFO [2021-02-11 15:23:53] $cex
INFO [2021-02-11 15:23:53] [1] 1
INFO [2021-02-11 15:23:53] 
INFO [2021-02-11 15:23:53] $fontface
INFO [2021-02-11 15:23:53] [1] "bold"
INFO [2021-02-11 15:23:53] 
INFO [2021-02-11 15:23:53] $fontfamily
INFO [2021-02-11 15:23:53] [1] "sans"
INFO [2021-02-11 15:23:53] 
INFO [2021-02-11 15:23:53] $cat.cex
INFO [2021-02-11 15:23:53] [1] 1
INFO [2021-02-11 15:23:53] 
INFO [2021-02-11 15:23:53] $cat.fontface
INFO [2021-02-11 15:23:53] [1] "bold"
INFO [2021-02-11 15:23:53] 
INFO [2021-02-11 15:23:53] $cat.default.pos
INFO [2021-02-11 15:23:53] [1] "outer"
INFO [2021-02-11 15:23:53] 
