INFO [2021-02-05 14:49:40] [[1]]
INFO [2021-02-05 14:49:40] x <- list(api.all.gene, meg.all.gene, hal.all.gene)
INFO [2021-02-05 14:49:40] 
INFO [2021-02-05 14:49:40] $category.names
INFO [2021-02-05 14:49:40] c("Apidae", "Megachilidae", "Halictidae")
INFO [2021-02-05 14:49:40] 
INFO [2021-02-05 14:49:40] $filename
INFO [2021-02-05 14:49:40] [1] "Plots/all_by_family_Venn.png"
INFO [2021-02-05 14:49:40] 
INFO [2021-02-05 14:49:40] $output
INFO [2021-02-05 14:49:40] T
INFO [2021-02-05 14:49:40] 
INFO [2021-02-05 14:49:40] $imagetype
INFO [2021-02-05 14:49:40] [1] "png"
INFO [2021-02-05 14:49:40] 
INFO [2021-02-05 14:49:40] $lwd
INFO [2021-02-05 14:49:40] [1] 2
INFO [2021-02-05 14:49:40] 
INFO [2021-02-05 14:49:40] $lty
INFO [2021-02-05 14:49:40] [1] "blank"
INFO [2021-02-05 14:49:40] 
INFO [2021-02-05 14:49:40] $fill
INFO [2021-02-05 14:49:40] scheme
INFO [2021-02-05 14:49:40] 
INFO [2021-02-05 14:49:40] $cex
INFO [2021-02-05 14:49:40] [1] 0.6
INFO [2021-02-05 14:49:40] 
INFO [2021-02-05 14:49:40] $fontface
INFO [2021-02-05 14:49:40] [1] "bold"
INFO [2021-02-05 14:49:40] 
INFO [2021-02-05 14:49:40] $fontfamily
INFO [2021-02-05 14:49:40] [1] "sans"
INFO [2021-02-05 14:49:40] 
INFO [2021-02-05 14:49:40] $cat.cex
INFO [2021-02-05 14:49:40] [1] 0.6
INFO [2021-02-05 14:49:40] 
INFO [2021-02-05 14:49:40] $cat.fontface
INFO [2021-02-05 14:49:40] [1] "bold"
INFO [2021-02-05 14:49:40] 
INFO [2021-02-05 14:49:40] $cat.default.pos
INFO [2021-02-05 14:49:40] [1] "outer"
INFO [2021-02-05 14:49:40] 
