INFO [2021-02-11 15:22:10] [[1]]
INFO [2021-02-11 15:22:10] x <- list(api.can.gene, meg.can.gene, hal.can.gene)
INFO [2021-02-11 15:22:10] 
INFO [2021-02-11 15:22:10] $category.names
INFO [2021-02-11 15:22:10] c("Apidae", "Megachilidae", "Halictidae")
INFO [2021-02-11 15:22:10] 
INFO [2021-02-11 15:22:10] $filename
INFO [2021-02-11 15:22:10] [1] "Plots/can_by_family_Venn.png"
INFO [2021-02-11 15:22:10] 
INFO [2021-02-11 15:22:10] $output
INFO [2021-02-11 15:22:10] T
INFO [2021-02-11 15:22:10] 
INFO [2021-02-11 15:22:10] $width
INFO [2021-02-11 15:22:10] [1] 480
INFO [2021-02-11 15:22:10] 
INFO [2021-02-11 15:22:10] $resolution
INFO [2021-02-11 15:22:10] [1] 300
INFO [2021-02-11 15:22:10] 
INFO [2021-02-11 15:22:10] $imagetype
INFO [2021-02-11 15:22:10] [1] "png"
INFO [2021-02-11 15:22:10] 
INFO [2021-02-11 15:22:10] $lwd
INFO [2021-02-11 15:22:10] [1] 2
INFO [2021-02-11 15:22:10] 
INFO [2021-02-11 15:22:10] $lty
INFO [2021-02-11 15:22:10] [1] "blank"
INFO [2021-02-11 15:22:10] 
INFO [2021-02-11 15:22:10] $fill
INFO [2021-02-11 15:22:10] scheme
INFO [2021-02-11 15:22:10] 
INFO [2021-02-11 15:22:10] $cex
INFO [2021-02-11 15:22:10] [1] 1
INFO [2021-02-11 15:22:10] 
INFO [2021-02-11 15:22:10] $fontface
INFO [2021-02-11 15:22:10] [1] "bold"
INFO [2021-02-11 15:22:10] 
INFO [2021-02-11 15:22:10] $fontfamily
INFO [2021-02-11 15:22:10] [1] "sans"
INFO [2021-02-11 15:22:10] 
INFO [2021-02-11 15:22:10] $cat.cex
INFO [2021-02-11 15:22:10] [1] 1
INFO [2021-02-11 15:22:10] 
INFO [2021-02-11 15:22:10] $cat.fontface
INFO [2021-02-11 15:22:10] [1] "bold"
INFO [2021-02-11 15:22:10] 
INFO [2021-02-11 15:22:10] $cat.default.pos
INFO [2021-02-11 15:22:10] [1] "outer"
INFO [2021-02-11 15:22:10] 
