INFO [2021-02-11 15:23:12] [[1]]
INFO [2021-02-11 15:23:12] x <- list(api.can.gene, meg.can.gene, hal.can.gene)
INFO [2021-02-11 15:23:12] 
INFO [2021-02-11 15:23:12] $category.names
INFO [2021-02-11 15:23:12] c("Apidae", "Megachilidae", "Halictidae")
INFO [2021-02-11 15:23:12] 
INFO [2021-02-11 15:23:12] $filename
INFO [2021-02-11 15:23:12] [1] "Plots/can_by_family_Venn.png"
INFO [2021-02-11 15:23:12] 
INFO [2021-02-11 15:23:12] $output
INFO [2021-02-11 15:23:12] T
INFO [2021-02-11 15:23:12] 
INFO [2021-02-11 15:23:12] $cat.pos
INFO [2021-02-11 15:23:12] c(-27, 27, 135)
INFO [2021-02-11 15:23:12] 
INFO [2021-02-11 15:23:12] $imagetype
INFO [2021-02-11 15:23:12] [1] "png"
INFO [2021-02-11 15:23:12] 
INFO [2021-02-11 15:23:12] $lwd
INFO [2021-02-11 15:23:12] [1] 2
INFO [2021-02-11 15:23:12] 
INFO [2021-02-11 15:23:12] $lty
INFO [2021-02-11 15:23:12] [1] "blank"
INFO [2021-02-11 15:23:12] 
INFO [2021-02-11 15:23:12] $fill
INFO [2021-02-11 15:23:12] scheme
INFO [2021-02-11 15:23:12] 
INFO [2021-02-11 15:23:12] $cex
INFO [2021-02-11 15:23:12] [1] 1
INFO [2021-02-11 15:23:12] 
INFO [2021-02-11 15:23:12] $fontface
INFO [2021-02-11 15:23:12] [1] "bold"
INFO [2021-02-11 15:23:12] 
INFO [2021-02-11 15:23:12] $fontfamily
INFO [2021-02-11 15:23:12] [1] "sans"
INFO [2021-02-11 15:23:12] 
INFO [2021-02-11 15:23:12] $cat.cex
INFO [2021-02-11 15:23:12] [1] 1
INFO [2021-02-11 15:23:12] 
INFO [2021-02-11 15:23:12] $cat.fontface
INFO [2021-02-11 15:23:12] [1] "bold"
INFO [2021-02-11 15:23:12] 
INFO [2021-02-11 15:23:12] $cat.default.pos
INFO [2021-02-11 15:23:12] [1] "outer"
INFO [2021-02-11 15:23:12] 
