INFO [2021-02-11 15:23:32] [[1]]
INFO [2021-02-11 15:23:32] x <- list(api.can.gene, meg.can.gene, hal.can.gene)
INFO [2021-02-11 15:23:32] 
INFO [2021-02-11 15:23:32] $category.names
INFO [2021-02-11 15:23:32] c("Apidae", "Megachilidae", "Halictidae")
INFO [2021-02-11 15:23:32] 
INFO [2021-02-11 15:23:32] $filename
INFO [2021-02-11 15:23:32] [1] "Plots/can_by_family_Venn.png"
INFO [2021-02-11 15:23:32] 
INFO [2021-02-11 15:23:32] $output
INFO [2021-02-11 15:23:32] T
INFO [2021-02-11 15:23:32] 
INFO [2021-02-11 15:23:32] $imagetype
INFO [2021-02-11 15:23:32] [1] "png"
INFO [2021-02-11 15:23:32] 
INFO [2021-02-11 15:23:32] $lwd
INFO [2021-02-11 15:23:32] [1] 2
INFO [2021-02-11 15:23:32] 
INFO [2021-02-11 15:23:32] $lty
INFO [2021-02-11 15:23:32] [1] "blank"
INFO [2021-02-11 15:23:32] 
INFO [2021-02-11 15:23:32] $fill
INFO [2021-02-11 15:23:32] scheme
INFO [2021-02-11 15:23:32] 
INFO [2021-02-11 15:23:32] $cex
INFO [2021-02-11 15:23:32] [1] 1
INFO [2021-02-11 15:23:32] 
INFO [2021-02-11 15:23:32] $fontface
INFO [2021-02-11 15:23:32] [1] "bold"
INFO [2021-02-11 15:23:32] 
INFO [2021-02-11 15:23:32] $fontfamily
INFO [2021-02-11 15:23:32] [1] "sans"
INFO [2021-02-11 15:23:32] 
INFO [2021-02-11 15:23:32] $cat.cex
INFO [2021-02-11 15:23:32] [1] 1
INFO [2021-02-11 15:23:32] 
INFO [2021-02-11 15:23:32] $cat.fontface
INFO [2021-02-11 15:23:32] [1] "bold"
INFO [2021-02-11 15:23:32] 
INFO [2021-02-11 15:23:32] $cat.default.pos
INFO [2021-02-11 15:23:32] [1] "outer"
INFO [2021-02-11 15:23:32] 
