INFO [2021-02-11 15:22:17] [[1]]
INFO [2021-02-11 15:22:17] x <- list(api.can.gene, meg.can.gene, hal.can.gene)
INFO [2021-02-11 15:22:17] 
INFO [2021-02-11 15:22:17] $category.names
INFO [2021-02-11 15:22:17] c("Apidae", "Megachilidae", "Halictidae")
INFO [2021-02-11 15:22:17] 
INFO [2021-02-11 15:22:17] $filename
INFO [2021-02-11 15:22:17] [1] "Plots/can_by_family_Venn.png"
INFO [2021-02-11 15:22:17] 
INFO [2021-02-11 15:22:17] $output
INFO [2021-02-11 15:22:17] T
INFO [2021-02-11 15:22:17] 
INFO [2021-02-11 15:22:17] $resolution
INFO [2021-02-11 15:22:17] [1] 300
INFO [2021-02-11 15:22:17] 
INFO [2021-02-11 15:22:17] $imagetype
INFO [2021-02-11 15:22:17] [1] "png"
INFO [2021-02-11 15:22:17] 
INFO [2021-02-11 15:22:17] $lwd
INFO [2021-02-11 15:22:17] [1] 2
INFO [2021-02-11 15:22:17] 
INFO [2021-02-11 15:22:17] $lty
INFO [2021-02-11 15:22:17] [1] "blank"
INFO [2021-02-11 15:22:17] 
INFO [2021-02-11 15:22:17] $fill
INFO [2021-02-11 15:22:17] scheme
INFO [2021-02-11 15:22:17] 
INFO [2021-02-11 15:22:17] $cex
INFO [2021-02-11 15:22:17] [1] 1
INFO [2021-02-11 15:22:17] 
INFO [2021-02-11 15:22:17] $fontface
INFO [2021-02-11 15:22:17] [1] "bold"
INFO [2021-02-11 15:22:17] 
INFO [2021-02-11 15:22:17] $fontfamily
INFO [2021-02-11 15:22:17] [1] "sans"
INFO [2021-02-11 15:22:17] 
INFO [2021-02-11 15:22:17] $cat.cex
INFO [2021-02-11 15:22:17] [1] 1
INFO [2021-02-11 15:22:17] 
INFO [2021-02-11 15:22:17] $cat.fontface
INFO [2021-02-11 15:22:17] [1] "bold"
INFO [2021-02-11 15:22:17] 
INFO [2021-02-11 15:22:17] $cat.default.pos
INFO [2021-02-11 15:22:17] [1] "outer"
INFO [2021-02-11 15:22:17] 
