INFO [2021-02-11 15:20:15] [[1]]
INFO [2021-02-11 15:20:15] x <- list(api.can.gene, meg.can.gene, hal.can.gene)
INFO [2021-02-11 15:20:15] 
INFO [2021-02-11 15:20:15] $category.names
INFO [2021-02-11 15:20:15] c("Apidae", "Megachilidae", "Halictidae")
INFO [2021-02-11 15:20:15] 
INFO [2021-02-11 15:20:15] $filename
INFO [2021-02-11 15:20:15] [1] "Plots/can_by_family_Venn.png"
INFO [2021-02-11 15:20:15] 
INFO [2021-02-11 15:20:15] $output
INFO [2021-02-11 15:20:15] T
INFO [2021-02-11 15:20:15] 
INFO [2021-02-11 15:20:15] $imagetype
INFO [2021-02-11 15:20:15] [1] "png"
INFO [2021-02-11 15:20:15] 
INFO [2021-02-11 15:20:15] $lwd
INFO [2021-02-11 15:20:15] [1] 2
INFO [2021-02-11 15:20:15] 
INFO [2021-02-11 15:20:15] $lty
INFO [2021-02-11 15:20:15] [1] "blank"
INFO [2021-02-11 15:20:15] 
INFO [2021-02-11 15:20:15] $fill
INFO [2021-02-11 15:20:15] scheme
INFO [2021-02-11 15:20:15] 
INFO [2021-02-11 15:20:15] $cex
INFO [2021-02-11 15:20:15] [1] 1
INFO [2021-02-11 15:20:15] 
INFO [2021-02-11 15:20:15] $fontface
INFO [2021-02-11 15:20:15] [1] "bold"
INFO [2021-02-11 15:20:15] 
INFO [2021-02-11 15:20:15] $fontfamily
INFO [2021-02-11 15:20:15] [1] "sans"
INFO [2021-02-11 15:20:15] 
INFO [2021-02-11 15:20:15] $cat.cex
INFO [2021-02-11 15:20:15] [1] 1
INFO [2021-02-11 15:20:15] 
INFO [2021-02-11 15:20:15] $cat.fontface
INFO [2021-02-11 15:20:15] [1] "bold"
INFO [2021-02-11 15:20:15] 
INFO [2021-02-11 15:20:15] $cat.default.pos
INFO [2021-02-11 15:20:15] [1] "outer"
INFO [2021-02-11 15:20:15] 
