INFO [2021-02-05 14:40:53] [[1]]
INFO [2021-02-05 14:40:53] x <- list(api.can.gene, meg.can.gene, hal.can.gene)
INFO [2021-02-05 14:40:53] 
INFO [2021-02-05 14:40:53] $category.names
INFO [2021-02-05 14:40:53] c("Apidae", "Megachilidae", "Halictidae")
INFO [2021-02-05 14:40:53] 
INFO [2021-02-05 14:40:53] $filename
INFO [2021-02-05 14:40:53] [1] "Plots/can_by_family_Venn.png"
INFO [2021-02-05 14:40:53] 
INFO [2021-02-05 14:40:53] $output
INFO [2021-02-05 14:40:53] T
INFO [2021-02-05 14:40:53] 
INFO [2021-02-05 14:40:53] $imagetype
INFO [2021-02-05 14:40:53] [1] "png"
INFO [2021-02-05 14:40:53] 
INFO [2021-02-05 14:40:53] $lwd
INFO [2021-02-05 14:40:53] [1] 2
INFO [2021-02-05 14:40:53] 
INFO [2021-02-05 14:40:53] $lty
INFO [2021-02-05 14:40:53] [1] "blank"
INFO [2021-02-05 14:40:53] 
INFO [2021-02-05 14:40:53] $fill
INFO [2021-02-05 14:40:53] scheme
INFO [2021-02-05 14:40:53] 
INFO [2021-02-05 14:40:53] $cex
INFO [2021-02-05 14:40:53] [1] 0.6
INFO [2021-02-05 14:40:53] 
INFO [2021-02-05 14:40:53] $fontface
INFO [2021-02-05 14:40:53] [1] "bold"
INFO [2021-02-05 14:40:53] 
INFO [2021-02-05 14:40:53] $fontfamily
INFO [2021-02-05 14:40:53] [1] "sans"
INFO [2021-02-05 14:40:53] 
INFO [2021-02-05 14:40:53] $cat.cex
INFO [2021-02-05 14:40:53] [1] 0.6
INFO [2021-02-05 14:40:53] 
INFO [2021-02-05 14:40:53] $cat.fontface
INFO [2021-02-05 14:40:53] [1] "bold"
INFO [2021-02-05 14:40:53] 
INFO [2021-02-05 14:40:53] $cat.default.pos
INFO [2021-02-05 14:40:53] [1] "outer"
INFO [2021-02-05 14:40:53] 
