INFO [2021-02-11 15:21:19] [[1]]
INFO [2021-02-11 15:21:19] x <- list(api.can.gene, meg.can.gene, hal.can.gene)
INFO [2021-02-11 15:21:19] 
INFO [2021-02-11 15:21:19] $category.names
INFO [2021-02-11 15:21:19] c("Apidae", "Megachilidae", "Halictidae")
INFO [2021-02-11 15:21:19] 
INFO [2021-02-11 15:21:19] $filename
INFO [2021-02-11 15:21:19] [1] "Plots/can_by_family_Venn.png"
INFO [2021-02-11 15:21:19] 
INFO [2021-02-11 15:21:19] $output
INFO [2021-02-11 15:21:19] T
INFO [2021-02-11 15:21:19] 
INFO [2021-02-11 15:21:19] $height
INFO [2021-02-11 15:21:19] [1] 480
INFO [2021-02-11 15:21:19] 
INFO [2021-02-11 15:21:19] $width
INFO [2021-02-11 15:21:19] [1] 480
INFO [2021-02-11 15:21:19] 
INFO [2021-02-11 15:21:19] $resolution
INFO [2021-02-11 15:21:19] [1] 300
INFO [2021-02-11 15:21:19] 
INFO [2021-02-11 15:21:19] $compression
INFO [2021-02-11 15:21:19] [1] "lzw"
INFO [2021-02-11 15:21:19] 
INFO [2021-02-11 15:21:19] $imagetype
INFO [2021-02-11 15:21:19] [1] "png"
INFO [2021-02-11 15:21:19] 
INFO [2021-02-11 15:21:19] $lwd
INFO [2021-02-11 15:21:19] [1] 2
INFO [2021-02-11 15:21:19] 
INFO [2021-02-11 15:21:19] $lty
INFO [2021-02-11 15:21:19] [1] "blank"
INFO [2021-02-11 15:21:19] 
INFO [2021-02-11 15:21:19] $fill
INFO [2021-02-11 15:21:19] scheme
INFO [2021-02-11 15:21:19] 
INFO [2021-02-11 15:21:19] $cex
INFO [2021-02-11 15:21:19] [1] 1
INFO [2021-02-11 15:21:19] 
INFO [2021-02-11 15:21:19] $fontface
INFO [2021-02-11 15:21:19] [1] "bold"
INFO [2021-02-11 15:21:19] 
INFO [2021-02-11 15:21:19] $fontfamily
INFO [2021-02-11 15:21:19] [1] "sans"
INFO [2021-02-11 15:21:19] 
INFO [2021-02-11 15:21:19] $cat.cex
INFO [2021-02-11 15:21:19] [1] 1
INFO [2021-02-11 15:21:19] 
INFO [2021-02-11 15:21:19] $cat.fontface
INFO [2021-02-11 15:21:19] [1] "bold"
INFO [2021-02-11 15:21:19] 
INFO [2021-02-11 15:21:19] $cat.default.pos
INFO [2021-02-11 15:21:19] [1] "outer"
INFO [2021-02-11 15:21:19] 
