INFO [2021-02-11 15:21:59] [[1]]
INFO [2021-02-11 15:21:59] x <- list(api.can.gene, meg.can.gene, hal.can.gene)
INFO [2021-02-11 15:21:59] 
INFO [2021-02-11 15:21:59] $category.names
INFO [2021-02-11 15:21:59] c("Apidae", "Megachilidae", "Halictidae")
INFO [2021-02-11 15:21:59] 
INFO [2021-02-11 15:21:59] $filename
INFO [2021-02-11 15:21:59] [1] "Plots/can_by_family_Venn.png"
INFO [2021-02-11 15:21:59] 
INFO [2021-02-11 15:21:59] $output
INFO [2021-02-11 15:21:59] T
INFO [2021-02-11 15:21:59] 
INFO [2021-02-11 15:21:59] $height
INFO [2021-02-11 15:21:59] [1] 480
INFO [2021-02-11 15:21:59] 
INFO [2021-02-11 15:21:59] $width
INFO [2021-02-11 15:21:59] [1] 480
INFO [2021-02-11 15:21:59] 
INFO [2021-02-11 15:21:59] $resolution
INFO [2021-02-11 15:21:59] [1] 300
INFO [2021-02-11 15:21:59] 
INFO [2021-02-11 15:21:59] $imagetype
INFO [2021-02-11 15:21:59] [1] "png"
INFO [2021-02-11 15:21:59] 
INFO [2021-02-11 15:21:59] $lwd
INFO [2021-02-11 15:21:59] [1] 2
INFO [2021-02-11 15:21:59] 
INFO [2021-02-11 15:21:59] $lty
INFO [2021-02-11 15:21:59] [1] "blank"
INFO [2021-02-11 15:21:59] 
INFO [2021-02-11 15:21:59] $fill
INFO [2021-02-11 15:21:59] scheme
INFO [2021-02-11 15:21:59] 
INFO [2021-02-11 15:21:59] $cex
INFO [2021-02-11 15:21:59] [1] 1
INFO [2021-02-11 15:21:59] 
INFO [2021-02-11 15:21:59] $fontface
INFO [2021-02-11 15:21:59] [1] "bold"
INFO [2021-02-11 15:21:59] 
INFO [2021-02-11 15:21:59] $fontfamily
INFO [2021-02-11 15:21:59] [1] "sans"
INFO [2021-02-11 15:21:59] 
INFO [2021-02-11 15:21:59] $cat.cex
INFO [2021-02-11 15:21:59] [1] 1
INFO [2021-02-11 15:21:59] 
INFO [2021-02-11 15:21:59] $cat.fontface
INFO [2021-02-11 15:21:59] [1] "bold"
INFO [2021-02-11 15:21:59] 
INFO [2021-02-11 15:21:59] $cat.default.pos
INFO [2021-02-11 15:21:59] [1] "outer"
INFO [2021-02-11 15:21:59] 
