INFO [2021-02-05 14:43:33] [[1]]
INFO [2021-02-05 14:43:33] x <- list(api.non.gene, meg.non.gene, hal.non.gene)
INFO [2021-02-05 14:43:33] 
INFO [2021-02-05 14:43:33] $category.names
INFO [2021-02-05 14:43:33] c("Apidae", "Megachilidae", "Halictidae")
INFO [2021-02-05 14:43:33] 
INFO [2021-02-05 14:43:33] $filename
INFO [2021-02-05 14:43:33] [1] "Plots/noncan_by_family_Venn.png"
INFO [2021-02-05 14:43:33] 
INFO [2021-02-05 14:43:33] $output
INFO [2021-02-05 14:43:33] T
INFO [2021-02-05 14:43:33] 
INFO [2021-02-05 14:43:33] $imagetype
INFO [2021-02-05 14:43:33] [1] "png"
INFO [2021-02-05 14:43:33] 
INFO [2021-02-05 14:43:33] $lwd
INFO [2021-02-05 14:43:33] [1] 2
INFO [2021-02-05 14:43:33] 
INFO [2021-02-05 14:43:33] $lty
INFO [2021-02-05 14:43:33] [1] "blank"
INFO [2021-02-05 14:43:33] 
INFO [2021-02-05 14:43:33] $fill
INFO [2021-02-05 14:43:33] scheme
INFO [2021-02-05 14:43:33] 
INFO [2021-02-05 14:43:33] $cex
INFO [2021-02-05 14:43:33] [1] 0.6
INFO [2021-02-05 14:43:33] 
INFO [2021-02-05 14:43:33] $fontface
INFO [2021-02-05 14:43:33] [1] "bold"
INFO [2021-02-05 14:43:33] 
INFO [2021-02-05 14:43:33] $fontfamily
INFO [2021-02-05 14:43:33] [1] "sans"
INFO [2021-02-05 14:43:33] 
INFO [2021-02-05 14:43:33] $cat.cex
INFO [2021-02-05 14:43:33] [1] 0.6
INFO [2021-02-05 14:43:33] 
INFO [2021-02-05 14:43:33] $cat.fontface
INFO [2021-02-05 14:43:33] [1] "bold"
INFO [2021-02-05 14:43:33] 
INFO [2021-02-05 14:43:33] $cat.default.pos
INFO [2021-02-05 14:43:33] [1] "outer"
INFO [2021-02-05 14:43:33] 
