INFO [2021-02-11 15:15:16] [[1]]
INFO [2021-02-11 15:15:16] x <- list(api.non.gene, meg.non.gene, hal.non.gene)
INFO [2021-02-11 15:15:16] 
INFO [2021-02-11 15:15:16] $category.names
INFO [2021-02-11 15:15:16] c("Apidae", "Megachilidae", "Halictidae")
INFO [2021-02-11 15:15:16] 
INFO [2021-02-11 15:15:16] $filename
INFO [2021-02-11 15:15:16] [1] "Plots/noncan_by_family_Venn.png"
INFO [2021-02-11 15:15:16] 
INFO [2021-02-11 15:15:16] $output
INFO [2021-02-11 15:15:16] T
INFO [2021-02-11 15:15:16] 
INFO [2021-02-11 15:15:16] $imagetype
INFO [2021-02-11 15:15:16] [1] "png"
INFO [2021-02-11 15:15:16] 
INFO [2021-02-11 15:15:16] $lwd
INFO [2021-02-11 15:15:16] [1] 2
INFO [2021-02-11 15:15:16] 
INFO [2021-02-11 15:15:16] $lty
INFO [2021-02-11 15:15:16] [1] "blank"
INFO [2021-02-11 15:15:16] 
INFO [2021-02-11 15:15:16] $fill
INFO [2021-02-11 15:15:16] scheme
INFO [2021-02-11 15:15:16] 
INFO [2021-02-11 15:15:16] $cex
INFO [2021-02-11 15:15:16] [1] 1
INFO [2021-02-11 15:15:16] 
INFO [2021-02-11 15:15:16] $fontface
INFO [2021-02-11 15:15:16] [1] "bold"
INFO [2021-02-11 15:15:16] 
INFO [2021-02-11 15:15:16] $fontfamily
INFO [2021-02-11 15:15:16] [1] "sans"
INFO [2021-02-11 15:15:16] 
INFO [2021-02-11 15:15:16] $cat.cex
INFO [2021-02-11 15:15:16] [1] 2
INFO [2021-02-11 15:15:16] 
INFO [2021-02-11 15:15:16] $cat.fontface
INFO [2021-02-11 15:15:16] [1] "bold"
INFO [2021-02-11 15:15:16] 
INFO [2021-02-11 15:15:16] $cat.default.pos
INFO [2021-02-11 15:15:16] [1] "outer"
INFO [2021-02-11 15:15:16] 
