INFO [2021-02-11 15:24:30] [[1]]
INFO [2021-02-11 15:24:30] x <- list(api.non.gene, meg.non.gene, hal.non.gene)
INFO [2021-02-11 15:24:30] 
INFO [2021-02-11 15:24:30] $category.names
INFO [2021-02-11 15:24:30] c("Apidae", "Megachilidae", "Halictidae")
INFO [2021-02-11 15:24:30] 
INFO [2021-02-11 15:24:30] $filename
INFO [2021-02-11 15:24:30] [1] "Plots/noncan_by_family_Venn.png"
INFO [2021-02-11 15:24:30] 
INFO [2021-02-11 15:24:30] $output
INFO [2021-02-11 15:24:30] T
INFO [2021-02-11 15:24:30] 
INFO [2021-02-11 15:24:30] $imagetype
INFO [2021-02-11 15:24:30] [1] "png"
INFO [2021-02-11 15:24:30] 
INFO [2021-02-11 15:24:30] $cat.pos
INFO [2021-02-11 15:24:30] c(-27, 27, 135)
INFO [2021-02-11 15:24:30] 
INFO [2021-02-11 15:24:30] $lwd
INFO [2021-02-11 15:24:30] [1] 2
INFO [2021-02-11 15:24:30] 
INFO [2021-02-11 15:24:30] $lty
INFO [2021-02-11 15:24:30] [1] "blank"
INFO [2021-02-11 15:24:30] 
INFO [2021-02-11 15:24:30] $fill
INFO [2021-02-11 15:24:30] scheme
INFO [2021-02-11 15:24:30] 
INFO [2021-02-11 15:24:30] $cex
INFO [2021-02-11 15:24:30] [1] 1
INFO [2021-02-11 15:24:30] 
INFO [2021-02-11 15:24:30] $fontface
INFO [2021-02-11 15:24:30] [1] "bold"
INFO [2021-02-11 15:24:30] 
INFO [2021-02-11 15:24:30] $fontfamily
INFO [2021-02-11 15:24:30] [1] "sans"
INFO [2021-02-11 15:24:30] 
INFO [2021-02-11 15:24:30] $cat.cex
INFO [2021-02-11 15:24:30] [1] 1
INFO [2021-02-11 15:24:30] 
INFO [2021-02-11 15:24:30] $cat.fontface
INFO [2021-02-11 15:24:30] [1] "bold"
INFO [2021-02-11 15:24:30] 
INFO [2021-02-11 15:24:30] $cat.default.pos
INFO [2021-02-11 15:24:30] [1] "outer"
INFO [2021-02-11 15:24:30] 
