INFO [2021-02-11 15:19:00] [[1]]
INFO [2021-02-11 15:19:00] x <- list(api.ran.gene, meg.ran.gene, hal.ran.gene)
INFO [2021-02-11 15:19:00] 
INFO [2021-02-11 15:19:00] $category.names
INFO [2021-02-11 15:19:00] c("Apidae", "Megachilidae", "Halictidae")
INFO [2021-02-11 15:19:00] 
INFO [2021-02-11 15:19:00] $filename
INFO [2021-02-11 15:19:00] [1] "Plots/random_by_family_Venn.png"
INFO [2021-02-11 15:19:00] 
INFO [2021-02-11 15:19:00] $output
INFO [2021-02-11 15:19:00] T
INFO [2021-02-11 15:19:00] 
INFO [2021-02-11 15:19:00] $imagetype
INFO [2021-02-11 15:19:00] [1] "png"
INFO [2021-02-11 15:19:00] 
INFO [2021-02-11 15:19:00] $lwd
INFO [2021-02-11 15:19:00] [1] 2
INFO [2021-02-11 15:19:00] 
INFO [2021-02-11 15:19:00] $lty
INFO [2021-02-11 15:19:00] [1] "blank"
INFO [2021-02-11 15:19:00] 
INFO [2021-02-11 15:19:00] $fill
INFO [2021-02-11 15:19:00] scheme
INFO [2021-02-11 15:19:00] 
INFO [2021-02-11 15:19:00] $cex
INFO [2021-02-11 15:19:00] [1] 1
INFO [2021-02-11 15:19:00] 
INFO [2021-02-11 15:19:00] $fontface
INFO [2021-02-11 15:19:00] [1] "bold"
INFO [2021-02-11 15:19:00] 
INFO [2021-02-11 15:19:00] $fontfamily
INFO [2021-02-11 15:19:00] [1] "sans"
INFO [2021-02-11 15:19:00] 
INFO [2021-02-11 15:19:00] $cat.cex
INFO [2021-02-11 15:19:00] [1] 1
INFO [2021-02-11 15:19:00] 
INFO [2021-02-11 15:19:00] $cat.fontface
INFO [2021-02-11 15:19:00] [1] "bold"
INFO [2021-02-11 15:19:00] 
INFO [2021-02-11 15:19:00] $cat.default.pos
INFO [2021-02-11 15:19:00] [1] "outer"
INFO [2021-02-11 15:19:00] 
