INFO [2021-02-11 15:24:06] [[1]]
INFO [2021-02-11 15:24:06] x <- list(api.ran.gene, meg.ran.gene, hal.ran.gene)
INFO [2021-02-11 15:24:06] 
INFO [2021-02-11 15:24:06] $category.names
INFO [2021-02-11 15:24:06] c("Apidae", "Megachilidae", "Halictidae")
INFO [2021-02-11 15:24:06] 
INFO [2021-02-11 15:24:06] $filename
INFO [2021-02-11 15:24:06] [1] "Plots/random_by_family_Venn.png"
INFO [2021-02-11 15:24:06] 
INFO [2021-02-11 15:24:06] $output
INFO [2021-02-11 15:24:06] T
INFO [2021-02-11 15:24:06] 
INFO [2021-02-11 15:24:06] $cat.pos
INFO [2021-02-11 15:24:06] c(-27, 27, 135)
INFO [2021-02-11 15:24:06] 
INFO [2021-02-11 15:24:06] $imagetype
INFO [2021-02-11 15:24:06] [1] "png"
INFO [2021-02-11 15:24:06] 
INFO [2021-02-11 15:24:06] $lwd
INFO [2021-02-11 15:24:06] [1] 2
INFO [2021-02-11 15:24:06] 
INFO [2021-02-11 15:24:06] $lty
INFO [2021-02-11 15:24:06] [1] "blank"
INFO [2021-02-11 15:24:06] 
INFO [2021-02-11 15:24:06] $fill
INFO [2021-02-11 15:24:06] scheme
INFO [2021-02-11 15:24:06] 
INFO [2021-02-11 15:24:06] $cex
INFO [2021-02-11 15:24:06] [1] 1
INFO [2021-02-11 15:24:06] 
INFO [2021-02-11 15:24:06] $fontface
INFO [2021-02-11 15:24:06] [1] "bold"
INFO [2021-02-11 15:24:06] 
INFO [2021-02-11 15:24:06] $fontfamily
INFO [2021-02-11 15:24:06] [1] "sans"
INFO [2021-02-11 15:24:06] 
INFO [2021-02-11 15:24:06] $cat.cex
INFO [2021-02-11 15:24:06] [1] 1
INFO [2021-02-11 15:24:06] 
INFO [2021-02-11 15:24:06] $cat.fontface
INFO [2021-02-11 15:24:06] [1] "bold"
INFO [2021-02-11 15:24:06] 
INFO [2021-02-11 15:24:06] $cat.default.pos
INFO [2021-02-11 15:24:06] [1] "outer"
INFO [2021-02-11 15:24:06] 
