INFO [2021-02-05 14:44:48] [[1]]
INFO [2021-02-05 14:44:48] x <- list(api.ran.gene, meg.ran.gene, hal.ran.gene)
INFO [2021-02-05 14:44:48] 
INFO [2021-02-05 14:44:48] $category.names
INFO [2021-02-05 14:44:48] c("Apidae", "Megachilidae", "Halictidae")
INFO [2021-02-05 14:44:48] 
INFO [2021-02-05 14:44:48] $filename
INFO [2021-02-05 14:44:48] [1] "Plots/random_by_family_Venn.png"
INFO [2021-02-05 14:44:48] 
INFO [2021-02-05 14:44:48] $output
INFO [2021-02-05 14:44:48] T
INFO [2021-02-05 14:44:48] 
INFO [2021-02-05 14:44:48] $imagetype
INFO [2021-02-05 14:44:48] [1] "png"
INFO [2021-02-05 14:44:48] 
INFO [2021-02-05 14:44:48] $lwd
INFO [2021-02-05 14:44:48] [1] 2
INFO [2021-02-05 14:44:48] 
INFO [2021-02-05 14:44:48] $lty
INFO [2021-02-05 14:44:48] [1] "blank"
INFO [2021-02-05 14:44:48] 
INFO [2021-02-05 14:44:48] $fill
INFO [2021-02-05 14:44:48] scheme
INFO [2021-02-05 14:44:48] 
INFO [2021-02-05 14:44:48] $cex
INFO [2021-02-05 14:44:48] [1] 0.6
INFO [2021-02-05 14:44:48] 
INFO [2021-02-05 14:44:48] $fontface
INFO [2021-02-05 14:44:48] [1] "bold"
INFO [2021-02-05 14:44:48] 
INFO [2021-02-05 14:44:48] $fontfamily
INFO [2021-02-05 14:44:48] [1] "sans"
INFO [2021-02-05 14:44:48] 
INFO [2021-02-05 14:44:48] $cat.cex
INFO [2021-02-05 14:44:48] [1] 0.6
INFO [2021-02-05 14:44:48] 
INFO [2021-02-05 14:44:48] $cat.fontface
INFO [2021-02-05 14:44:48] [1] "bold"
INFO [2021-02-05 14:44:48] 
INFO [2021-02-05 14:44:48] $cat.default.pos
INFO [2021-02-05 14:44:48] [1] "outer"
INFO [2021-02-05 14:44:48] 
